Using pre-set license
Built from '2020.3/staging' branch; Version is '2020.3.14f1 (d0d1bb862f9d) revision 13685179'; Using compiler version '192528614'; Build Type 'Release'
OS: 'Windows 10 Home; OS build 19043.1165; Version 2009; 64bit' Language: 'en' Physical Memory: 16294 MB
BatchMode: 1, IsHumanControllingUs: 0, StartBugReporterOnCrash: 0, Is64bit: 1, IsPro: 0

 COMMAND LINE ARGUMENTS:
H:\unttd\2020.3.14f1\Editor\Unity.exe
-adb2
-batchMode
-noUpm
-name
AssetImportWorker0
-projectPath
J:/UnityProjs/Alpha/CardGame
-logFile
Logs/AssetImportWorker0.log
-srvPort
53061
Successfully changed project path to: J:/UnityProjs/Alpha/CardGame
J:/UnityProjs/Alpha/CardGame
Using Asset Import Pipeline V2.
Refreshing native plugins compatible for Editor in 167.82 ms, found 3 plugins.
Preloading 0 native plugins for Editor in 0.00 ms.
Initialize engine version: 2020.3.14f1 (d0d1bb862f9d)
[Subsystems] Discovering subsystems at path H:/unttd/2020.3.14f1/Editor/Data/Resources/UnitySubsystems
[Subsystems] Discovering subsystems at path J:/UnityProjs/Alpha/CardGame/Assets
GfxDevice: creating device client; threaded=0
Direct3D:
    Version:  Direct3D 11.0 [level 11.1]
    Renderer: AMD Radeon R9 200 Series (ID=0x679a)
    Vendor:   
    VRAM:     3051 MB
    Driver:   27.20.14535.1000
Initialize mono
Mono path[0] = 'H:/unttd/2020.3.14f1/Editor/Data/Managed'
Mono path[1] = 'H:/unttd/2020.3.14f1/Editor/Data/MonoBleedingEdge/lib/mono/unityjit'
Mono config path = 'H:/unttd/2020.3.14f1/Editor/Data/MonoBleedingEdge/etc'
Using monoOptions --debugger-agent=transport=dt_socket,embedding=1,server=y,suspend=n,address=127.0.0.1:56652
Begin MonoManager ReloadAssembly
Registering precompiled unity dll's ...
Register platform support module: H:/unttd/2020.3.14f1/Editor/Data/PlaybackEngines/WindowsStandaloneSupport/UnityEditor.WindowsStandalone.Extensions.dll
Registered in 0.000993 seconds.
Native extension for WindowsStandalone target not found
Refreshing native plugins compatible for Editor in 90.09 ms, found 3 plugins.
Preloading 0 native plugins for Editor in 0.00 ms.
Mono: successfully reloaded assembly
- Completed reload, in  1.580 seconds
Domain Reload Profiling:
	ReloadAssembly (1580ms)
		BeginReloadAssembly (60ms)
			ExecutionOrderSort (0ms)
			DisableScriptedObjects (0ms)
			BackupInstance (0ms)
			ReleaseScriptingObjects (0ms)
			CreateAndSetChildDomain (1ms)
		EndReloadAssembly (1009ms)
			LoadAssemblies (58ms)
			RebuildTransferFunctionScriptingTraits (0ms)
			SetupTypeCache (374ms)
			ReleaseScriptCaches (0ms)
			RebuildScriptCaches (85ms)
			SetupLoadedEditorAssemblies (428ms)
				LogAssemblyErrors (0ms)
				InitializePlatformSupportModulesInManaged (8ms)
				SetLoadedEditorAssemblies (0ms)
				RefreshPlugins (90ms)
				BeforeProcessingInitializeOnLoad (9ms)
				ProcessInitializeOnLoadAttributes (241ms)
				ProcessInitializeOnLoadMethodAttributes (78ms)
				AfterProcessingInitializeOnLoad (0ms)
				EditorAssembliesLoaded (0ms)
			ExecutionOrderSort2 (0ms)
			AwakeInstancesAfterBackupRestoration (0ms)
Platform modules already initialized, skipping
Registering precompiled user dll's ...
Registered in 0.006303 seconds.
Begin MonoManager ReloadAssembly
Native extension for WindowsStandalone target not found
Refreshing native plugins compatible for Editor in 51.98 ms, found 3 plugins.
Preloading 0 native plugins for Editor in 0.00 ms.
Find all reader and writers took 90 milliseconds
Script Module: UnityEngine.UI.dll
Weave behaviours and messages took72 milliseconds
Find all reader and writers took 66 milliseconds
Script Module: UnityEngine.TestRunner.dll
Weave behaviours and messages took21 milliseconds
Find all reader and writers took 68 milliseconds
Script Module: Unity.Mathematics.dll
Weave behaviours and messages took143 milliseconds
Find all reader and writers took 56 milliseconds
Script Module: Unity.2D.Animation.Triangle.Runtime.dll
Weave behaviours and messages took27 milliseconds
Find all reader and writers took 72 milliseconds
Script Module: SimpleWebTransport.dll
Weave behaviours and messages took7 milliseconds
Find all reader and writers took 72 milliseconds
Script Module: Unity.Timeline.dll
Weave behaviours and messages took23 milliseconds
Find all reader and writers took 68 milliseconds
Script Module: Mirror.Examples.dll
[Projectile] NetworkBehaviourProcessor
[Tank] NetworkBehaviourProcessor
[NetworkRoomPlayer] NetworkBehaviourProcessor
[NetworkRoomPlayerExt] NetworkBehaviourProcessor
[PlayerController] NetworkBehaviourProcessor
[PlayerScore] NetworkBehaviourProcessor
[RandomColor] NetworkBehaviourProcessor
[Reward] NetworkBehaviourProcessor
[AddForce] NetworkBehaviourProcessor
[Ball] NetworkBehaviourProcessor
[Player] NetworkBehaviourProcessor
[MatchController] NetworkBehaviourProcessor
[PhysicsCollision] NetworkBehaviourProcessor
[PlayerController] NetworkBehaviourProcessor
[PlayerScore] NetworkBehaviourProcessor
[RandomColor] NetworkBehaviourProcessor
[Reward] NetworkBehaviourProcessor
[Player] NetworkBehaviourProcessor
[MonsterMovement] NetworkBehaviourProcessor
[PlayerMovement] NetworkBehaviourProcessor
[Player] NetworkBehaviourProcessor
[PlayerController] NetworkBehaviourProcessor
[RandomColor] NetworkBehaviourProcessor
[ShootingTankBehaviour] NetworkBehaviourProcessor
Weave behaviours and messages took20 milliseconds
  ProcessSitesModule Mirror.Examples.dll elapsed time:00:00:00.0020003
Find all reader and writers took 66 milliseconds
Script Module: Mirror.Components.dll
[NetworkAnimator] NetworkBehaviourProcessor
[NetworkRoomPlayer] NetworkBehaviourProcessor
[NetworkLobbyPlayer] NetworkBehaviourProcessor
[NetworkVisibility] NetworkBehaviourProcessor
[NetworkVisibility] Found NetworkBehaviour Mirror.NetworkVisibility
[NetworkVisibility] Process Start
[NetworkVisibility]   GenerateSerialization
[NetworkVisibility]   GenerateDeSerialization
[NetworkVisibility] Process Done
[NetworkMatchChecker] NetworkBehaviourProcessor
[NetworkVisibility] NetworkBehaviourProcessor
[NetworkOwnerChecker] NetworkBehaviourProcessor
[NetworkVisibility] NetworkBehaviourProcessor
[NetworkProximityChecker] NetworkBehaviourProcessor
[NetworkRoomPlayer] NetworkBehaviourProcessor
[NetworkVisibility] NetworkBehaviourProcessor
[NetworkSceneChecker] NetworkBehaviourProcessor
[NetworkTransformBase] NetworkBehaviourProcessor
[NetworkTransform] NetworkBehaviourProcessor
[NetworkTransformBase] NetworkBehaviourProcessor
[NetworkTransformBase] NetworkBehaviourProcessor
[NetworkTransformChild] NetworkBehaviourProcessor
[NetworkLerpRigidbody] NetworkBehaviourProcessor
[NetworkRigidbody] NetworkBehaviourProcessor
[NetworkRigidbody2D] NetworkBehaviourProcessor
[NetworkTransformBase] NetworkBehaviourProcessor
[NetworkTransform] NetworkBehaviourProcessor
[NetworkTransformBase] NetworkBehaviourProcessor
[NetworkTransformBase] NetworkBehaviourProcessor
[NetworkTransformChild] NetworkBehaviourProcessor
Weave behaviours and messages took21 milliseconds
  ProcessSitesModule Mirror.Components.dll elapsed time:00:00:00.0009996
Find all reader and writers took 85 milliseconds
Script Module: Unity.TextMeshPro.dll
Weave behaviours and messages took94 milliseconds
Find all reader and writers took 66 milliseconds
Script Module: Unity.2D.Animation.Runtime.dll
Weave behaviours and messages took6 milliseconds
Find all reader and writers took 68 milliseconds
Script Module: Unity.2D.IK.Runtime.dll
Weave behaviours and messages took2 milliseconds
Find all reader and writers took 71 milliseconds
Script Module: Unity.2D.SpriteShape.Runtime.dll
Weave behaviours and messages took22 milliseconds
Find all reader and writers took 71 milliseconds
Script Module: Telepathy.dll
Weave behaviours and messages took2 milliseconds
Find all reader and writers took 68 milliseconds
Script Module: Mirror.Authenticators.dll
Weave behaviours and messages took1 milliseconds
  ProcessSitesModule Mirror.Authenticators.dll elapsed time:00:00:00
Find all reader and writers took 66 milliseconds
Script Module: kcp2k.dll
Weave behaviours and messages took3 milliseconds
Find all reader and writers took 70 milliseconds
Script Module: Unity.2D.PixelPerfect.dll
Weave behaviours and messages took0 milliseconds
Find all reader and writers took 65 milliseconds
Script Module: Mirror.Examples.Cloud.GUI.dll
Weave behaviours and messages took2 milliseconds
Find all reader and writers took 67 milliseconds
Script Module: Mirror.Cloud.dll
Weave behaviours and messages took2 milliseconds
Find all reader and writers took 67 milliseconds
Script Module: Assembly-CSharp.dll
[CardZoom] NetworkBehaviourProcessor
[DragDrop] NetworkBehaviourProcessor
[DrawCards] NetworkBehaviourProcessor
[IncrementClick] NetworkBehaviourProcessor
[PlayerManager] NetworkBehaviourProcessor
[TargetClick] NetworkBehaviourProcessor
Weave behaviours and messages took2 milliseconds
  ProcessSitesModule Assembly-CSharp.dll elapsed time:00:00:00.0009998
Find all reader and writers took 70 milliseconds
Script Module: Mirror.Examples.Cloud.Pong.dll
[Ball] NetworkBehaviourProcessor
[BallManager] NetworkBehaviourProcessor
[Player] NetworkBehaviourProcessor
Weave behaviours and messages took1 milliseconds
  ProcessSitesModule Mirror.Examples.Cloud.Pong.dll elapsed time:00:00:00
Find all reader and writers took 62 milliseconds
Script Module: Unity.2D.Common.Runtime.dll
Weave behaviours and messages took0 milliseconds
Find all reader and writers took 67 milliseconds
Script Module: Unity.InternalAPIEngineBridge.001.dll
Weave behaviours and messages took0 milliseconds
Find all reader and writers took 96 milliseconds
Script Module: UnityEditor.TestRunner.dll
Weave behaviours and messages took36 milliseconds
Find all reader and writers took 85 milliseconds
Script Module: UnityEditor.UI.dll
Weave behaviours and messages took10 milliseconds
Find all reader and writers took 72 milliseconds
Script Module: PsdPlugin.dll
Weave behaviours and messages took12 milliseconds
Find all reader and writers took 87 milliseconds
Script Module: ParrelSync.dll
Weave behaviours and messages took2 milliseconds
Find all reader and writers took 74 milliseconds
Script Module: Mirror.CompilerSymbols.dll
Weave behaviours and messages took0 milliseconds
Find all reader and writers took 97 milliseconds
Script Module: Unity.InternalAPIEditorBridge.001.dll
Weave behaviours and messages took0 milliseconds
Mono: successfully reloaded assembly
- Completed reload, in  7.271 seconds
Domain Reload Profiling:
	ReloadAssembly (7272ms)
		BeginReloadAssembly (149ms)
			ExecutionOrderSort (0ms)
			DisableScriptedObjects (4ms)
			BackupInstance (0ms)
			ReleaseScriptingObjects (0ms)
			CreateAndSetChildDomain (20ms)
		EndReloadAssembly (7058ms)
			LoadAssemblies (98ms)
			RebuildTransferFunctionScriptingTraits (0ms)
			SetupTypeCache (323ms)
			ReleaseScriptCaches (1ms)
			RebuildScriptCaches (60ms)
			SetupLoadedEditorAssemblies (6454ms)
				LogAssemblyErrors (0ms)
				InitializePlatformSupportModulesInManaged (4ms)
				SetLoadedEditorAssemblies (0ms)
				RefreshPlugins (52ms)
				BeforeProcessingInitializeOnLoad (80ms)
				ProcessInitializeOnLoadAttributes (228ms)
				ProcessInitializeOnLoadMethodAttributes (6087ms)
				AfterProcessingInitializeOnLoad (3ms)
				EditorAssembliesLoaded (0ms)
			ExecutionOrderSort2 (0ms)
			AwakeInstancesAfterBackupRestoration (7ms)
Platform modules already initialized, skipping
========================================================================
Worker process is ready to serve import requests
Launched and connected shader compiler UnityShaderCompiler.exe after 0.05 seconds
Refreshing native plugins compatible for Editor in 0.64 ms, found 3 plugins.
Preloading 0 native plugins for Editor in 0.00 ms.
Unloading 2354 Unused Serialized files (Serialized files now loaded: 0)
System memory in use before: 102.8 MB.
System memory in use after: 102.8 MB.

Unloading 39 unused Assets to reduce memory usage. Loaded Objects now: 2790.
Total: 3.796100 ms (FindLiveObjects: 0.312400 ms CreateObjectMapping: 0.062400 ms MarkObjects: 3.285000 ms  DeleteObjects: 0.134700 ms)

AssetImportParameters requested are different than current active one (requested -> active):
  custom:framework-win-MediaFoundation: 216162199b28c13a410421893ffa2e32 -> 
  custom:video-decoder-ogg-theora: a1e56fd34408186e4bbccfd4996cb3dc -> 
  custom:container-muxer-webm: aa71ff27fc2769a1b78a27578f13a17b -> 
  custom:container-demuxer-webm: 4f35f7cbe854078d1ac9338744f61a02 -> 
  custom:container-demuxer-ogg: 62fdf1f143b41e24485cea50d1cbac27 -> 
  custom:video-encoder-webm-vp8: eb34c28f22e8b96e1ab97ce403110664 -> 
  custom:video-decoder-webm-vp8: 9c59270c3fd7afecdb556c50c9e8de78 -> 
  custom:audio-decoder-ogg-vorbis: bf7c407c2cedff20999df2af8eb42d56 -> 
  custom:audio-encoder-webm-vorbis: bf7c407c2cedff20999df2af8eb42d56 -> 
========================================================================
Received Import Request.
  path: Assets/Mirror/Runtime/Transport/Telepathy/Client.cs
  artifactKey: Guid(a5b95294cc4ec4b15aacba57531c7985) Importer(815301076,1909f56bfc062723c751e8b465ee728b)
Start importing Assets/Mirror/Runtime/Transport/Telepathy/Client.cs using Guid(a5b95294cc4ec4b15aacba57531c7985) Importer(815301076,1909f56bfc062723c751e8b465ee728b)  -> (artifact id: '9d910021973f0275928e5bec3c190d7f') in 0.025739 seconds 
  Import took 0.029598 seconds .

========================================================================
Received Import Request.
  Time since last request: 111.191813 seconds.
  path: Assets/Mirror/Runtime/Transport/Telepathy/Client.cs
  artifactKey: Guid(a5b95294cc4ec4b15aacba57531c7985) Importer(815301076,1909f56bfc062723c751e8b465ee728b)
Start importing Assets/Mirror/Runtime/Transport/Telepathy/Client.cs using Guid(a5b95294cc4ec4b15aacba57531c7985) Importer(815301076,1909f56bfc062723c751e8b465ee728b)  -> (artifact id: '7cbfadc35af48f1d66cc3b442009f1cb') in 0.001949 seconds 
  Import took 0.006307 seconds .

========================================================================
Received Prepare
Registering precompiled user dll's ...
Registered in 0.004106 seconds.
Begin MonoManager ReloadAssembly
Native extension for WindowsStandalone target not found
Refreshing native plugins compatible for Editor in 0.73 ms, found 3 plugins.
Preloading 0 native plugins for Editor in 0.00 ms.
Mono: successfully reloaded assembly
- Completed reload, in  0.894 seconds
Domain Reload Profiling:
	ReloadAssembly (894ms)
		BeginReloadAssembly (117ms)
			ExecutionOrderSort (0ms)
			DisableScriptedObjects (6ms)
			BackupInstance (0ms)
			ReleaseScriptingObjects (0ms)
			CreateAndSetChildDomain (38ms)
		EndReloadAssembly (723ms)
			LoadAssemblies (79ms)
			RebuildTransferFunctionScriptingTraits (0ms)
			SetupTypeCache (258ms)
			ReleaseScriptCaches (1ms)
			RebuildScriptCaches (42ms)
			SetupLoadedEditorAssemblies (256ms)
				LogAssemblyErrors (0ms)
				InitializePlatformSupportModulesInManaged (4ms)
				SetLoadedEditorAssemblies (0ms)
				RefreshPlugins (1ms)
				BeforeProcessingInitializeOnLoad (50ms)
				ProcessInitializeOnLoadAttributes (183ms)
				ProcessInitializeOnLoadMethodAttributes (15ms)
				AfterProcessingInitializeOnLoad (3ms)
				EditorAssembliesLoaded (0ms)
			ExecutionOrderSort2 (0ms)
			AwakeInstancesAfterBackupRestoration (9ms)
Platform modules already initialized, skipping
Refreshing native plugins compatible for Editor in 0.62 ms, found 3 plugins.
Preloading 0 native plugins for Editor in 0.00 ms.
Unloading 2349 Unused Serialized files (Serialized files now loaded: 0)
System memory in use before: 103.0 MB.
System memory in use after: 103.0 MB.

Unloading 27 unused Assets to reduce memory usage. Loaded Objects now: 2794.
Total: 3.363500 ms (FindLiveObjects: 0.337500 ms CreateObjectMapping: 0.060200 ms MarkObjects: 2.815400 ms  DeleteObjects: 0.149000 ms)

AssetImportParameters requested are different than current active one (requested -> active):
  custom:framework-win-MediaFoundation: 216162199b28c13a410421893ffa2e32 -> 
  custom:video-decoder-ogg-theora: a1e56fd34408186e4bbccfd4996cb3dc -> 
  custom:container-muxer-webm: aa71ff27fc2769a1b78a27578f13a17b -> 
  custom:container-demuxer-webm: 4f35f7cbe854078d1ac9338744f61a02 -> 
  custom:container-demuxer-ogg: 62fdf1f143b41e24485cea50d1cbac27 -> 
  custom:video-encoder-webm-vp8: eb34c28f22e8b96e1ab97ce403110664 -> 
  custom:video-decoder-webm-vp8: 9c59270c3fd7afecdb556c50c9e8de78 -> 
  custom:audio-decoder-ogg-vorbis: bf7c407c2cedff20999df2af8eb42d56 -> 
  custom:audio-encoder-webm-vorbis: bf7c407c2cedff20999df2af8eb42d56 -> 
========================================================================
Received Prepare
Refreshing native plugins compatible for Editor in 4.01 ms, found 3 plugins.
Preloading 0 native plugins for Editor in 0.00 ms.
Unloading 25 Unused Serialized files (Serialized files now loaded: 0)
System memory in use before: 55.3 MB.
System memory in use after: 55.4 MB.

Unloading 25 unused Assets to reduce memory usage. Loaded Objects now: 2794.
Total: 2.667400 ms (FindLiveObjects: 0.373000 ms CreateObjectMapping: 0.101200 ms MarkObjects: 2.059900 ms  DeleteObjects: 0.132100 ms)

AssetImportParameters requested are different than current active one (requested -> active):
  custom:framework-win-MediaFoundation: 216162199b28c13a410421893ffa2e32 -> 
  custom:video-decoder-ogg-theora: a1e56fd34408186e4bbccfd4996cb3dc -> 
  custom:container-muxer-webm: aa71ff27fc2769a1b78a27578f13a17b -> 
  custom:container-demuxer-webm: 4f35f7cbe854078d1ac9338744f61a02 -> 
  custom:container-demuxer-ogg: 62fdf1f143b41e24485cea50d1cbac27 -> 
  custom:video-encoder-webm-vp8: eb34c28f22e8b96e1ab97ce403110664 -> 
  custom:video-decoder-webm-vp8: 9c59270c3fd7afecdb556c50c9e8de78 -> 
  custom:audio-decoder-ogg-vorbis: bf7c407c2cedff20999df2af8eb42d56 -> 
  custom:audio-encoder-webm-vorbis: bf7c407c2cedff20999df2af8eb42d56 -> 
========================================================================
Received Prepare
Refreshing native plugins compatible for Editor in 3.74 ms, found 3 plugins.
Preloading 0 native plugins for Editor in 0.00 ms.
Unloading 25 Unused Serialized files (Serialized files now loaded: 0)
System memory in use before: 55.3 MB.
System memory in use after: 55.4 MB.

Unloading 25 unused Assets to reduce memory usage. Loaded Objects now: 2794.
Total: 2.737100 ms (FindLiveObjects: 0.294500 ms CreateObjectMapping: 0.059400 ms MarkObjects: 2.216500 ms  DeleteObjects: 0.165900 ms)

AssetImportParameters requested are different than current active one (requested -> active):
  custom:framework-win-MediaFoundation: 216162199b28c13a410421893ffa2e32 -> 
  custom:video-decoder-ogg-theora: a1e56fd34408186e4bbccfd4996cb3dc -> 
  custom:container-muxer-webm: aa71ff27fc2769a1b78a27578f13a17b -> 
  custom:container-demuxer-webm: 4f35f7cbe854078d1ac9338744f61a02 -> 
  custom:container-demuxer-ogg: 62fdf1f143b41e24485cea50d1cbac27 -> 
  custom:video-encoder-webm-vp8: eb34c28f22e8b96e1ab97ce403110664 -> 
  custom:video-decoder-webm-vp8: 9c59270c3fd7afecdb556c50c9e8de78 -> 
  custom:audio-decoder-ogg-vorbis: bf7c407c2cedff20999df2af8eb42d56 -> 
  custom:audio-encoder-webm-vorbis: bf7c407c2cedff20999df2af8eb42d56 -> 
========================================================================
Received Prepare
Refreshing native plugins compatible for Editor in 4.65 ms, found 3 plugins.
Preloading 0 native plugins for Editor in 0.00 ms.
Unloading 25 Unused Serialized files (Serialized files now loaded: 0)
System memory in use before: 55.3 MB.
System memory in use after: 55.4 MB.

Unloading 25 unused Assets to reduce memory usage. Loaded Objects now: 2794.
Total: 2.994300 ms (FindLiveObjects: 0.415900 ms CreateObjectMapping: 0.076800 ms MarkObjects: 2.379400 ms  DeleteObjects: 0.121200 ms)

AssetImportParameters requested are different than current active one (requested -> active):
  custom:framework-win-MediaFoundation: 216162199b28c13a410421893ffa2e32 -> 
  custom:video-decoder-ogg-theora: a1e56fd34408186e4bbccfd4996cb3dc -> 
  custom:container-muxer-webm: aa71ff27fc2769a1b78a27578f13a17b -> 
  custom:container-demuxer-webm: 4f35f7cbe854078d1ac9338744f61a02 -> 
  custom:container-demuxer-ogg: 62fdf1f143b41e24485cea50d1cbac27 -> 
  custom:video-encoder-webm-vp8: eb34c28f22e8b96e1ab97ce403110664 -> 
  custom:video-decoder-webm-vp8: 9c59270c3fd7afecdb556c50c9e8de78 -> 
  custom:audio-decoder-ogg-vorbis: bf7c407c2cedff20999df2af8eb42d56 -> 
  custom:audio-encoder-webm-vorbis: bf7c407c2cedff20999df2af8eb42d56 -> 
========================================================================
Received Prepare
Refreshing native plugins compatible for Editor in 3.83 ms, found 3 plugins.
Preloading 0 native plugins for Editor in 0.00 ms.
Unloading 25 Unused Serialized files (Serialized files now loaded: 0)
System memory in use before: 55.3 MB.
System memory in use after: 55.4 MB.

Unloading 25 unused Assets to reduce memory usage. Loaded Objects now: 2794.
Total: 2.299300 ms (FindLiveObjects: 0.277300 ms CreateObjectMapping: 0.058500 ms MarkObjects: 1.856300 ms  DeleteObjects: 0.106300 ms)

AssetImportParameters requested are different than current active one (requested -> active):
  custom:framework-win-MediaFoundation: 216162199b28c13a410421893ffa2e32 -> 
  custom:video-decoder-ogg-theora: a1e56fd34408186e4bbccfd4996cb3dc -> 
  custom:container-muxer-webm: aa71ff27fc2769a1b78a27578f13a17b -> 
  custom:container-demuxer-webm: 4f35f7cbe854078d1ac9338744f61a02 -> 
  custom:container-demuxer-ogg: 62fdf1f143b41e24485cea50d1cbac27 -> 
  custom:video-encoder-webm-vp8: eb34c28f22e8b96e1ab97ce403110664 -> 
  custom:video-decoder-webm-vp8: 9c59270c3fd7afecdb556c50c9e8de78 -> 
  custom:audio-decoder-ogg-vorbis: bf7c407c2cedff20999df2af8eb42d56 -> 
  custom:audio-encoder-webm-vorbis: bf7c407c2cedff20999df2af8eb42d56 -> 
========================================================================
Received Prepare
Refreshing native plugins compatible for Editor in 3.39 ms, found 3 plugins.
Preloading 0 native plugins for Editor in 0.00 ms.
Unloading 25 Unused Serialized files (Serialized files now loaded: 0)
System memory in use before: 55.3 MB.
System memory in use after: 55.4 MB.

Unloading 25 unused Assets to reduce memory usage. Loaded Objects now: 2794.
Total: 2.212700 ms (FindLiveObjects: 0.267500 ms CreateObjectMapping: 0.057600 ms MarkObjects: 1.797200 ms  DeleteObjects: 0.089800 ms)

AssetImportParameters requested are different than current active one (requested -> active):
  custom:framework-win-MediaFoundation: 216162199b28c13a410421893ffa2e32 -> 
  custom:video-decoder-ogg-theora: a1e56fd34408186e4bbccfd4996cb3dc -> 
  custom:container-muxer-webm: aa71ff27fc2769a1b78a27578f13a17b -> 
  custom:container-demuxer-webm: 4f35f7cbe854078d1ac9338744f61a02 -> 
  custom:container-demuxer-ogg: 62fdf1f143b41e24485cea50d1cbac27 -> 
  custom:video-encoder-webm-vp8: eb34c28f22e8b96e1ab97ce403110664 -> 
  custom:video-decoder-webm-vp8: 9c59270c3fd7afecdb556c50c9e8de78 -> 
  custom:audio-decoder-ogg-vorbis: bf7c407c2cedff20999df2af8eb42d56 -> 
  custom:audio-encoder-webm-vorbis: bf7c407c2cedff20999df2af8eb42d56 -> 
========================================================================
Received Prepare
Refreshing native plugins compatible for Editor in 3.42 ms, found 3 plugins.
Preloading 0 native plugins for Editor in 0.00 ms.
Unloading 25 Unused Serialized files (Serialized files now loaded: 0)
System memory in use before: 55.3 MB.
System memory in use after: 55.4 MB.

Unloading 25 unused Assets to reduce memory usage. Loaded Objects now: 2794.
Total: 2.891300 ms (FindLiveObjects: 0.270200 ms CreateObjectMapping: 0.058000 ms MarkObjects: 2.418700 ms  DeleteObjects: 0.143100 ms)

AssetImportParameters requested are different than current active one (requested -> active):
  custom:framework-win-MediaFoundation: 216162199b28c13a410421893ffa2e32 -> 
  custom:video-decoder-ogg-theora: a1e56fd34408186e4bbccfd4996cb3dc -> 
  custom:container-muxer-webm: aa71ff27fc2769a1b78a27578f13a17b -> 
  custom:container-demuxer-webm: 4f35f7cbe854078d1ac9338744f61a02 -> 
  custom:container-demuxer-ogg: 62fdf1f143b41e24485cea50d1cbac27 -> 
  custom:video-encoder-webm-vp8: eb34c28f22e8b96e1ab97ce403110664 -> 
  custom:video-decoder-webm-vp8: 9c59270c3fd7afecdb556c50c9e8de78 -> 
  custom:audio-decoder-ogg-vorbis: bf7c407c2cedff20999df2af8eb42d56 -> 
  custom:audio-encoder-webm-vorbis: bf7c407c2cedff20999df2af8eb42d56 -> 
========================================================================
Received Prepare
Registering precompiled user dll's ...
Registered in 0.004665 seconds.
Begin MonoManager ReloadAssembly
Native extension for WindowsStandalone target not found
Refreshing native plugins compatible for Editor in 0.64 ms, found 3 plugins.
Preloading 0 native plugins for Editor in 0.00 ms.
Mono: successfully reloaded assembly
- Completed reload, in  0.940 seconds
Domain Reload Profiling:
	ReloadAssembly (941ms)
		BeginReloadAssembly (111ms)
			ExecutionOrderSort (0ms)
			DisableScriptedObjects (6ms)
			BackupInstance (0ms)
			ReleaseScriptingObjects (0ms)
			CreateAndSetChildDomain (34ms)
		EndReloadAssembly (775ms)
			LoadAssemblies (83ms)
			RebuildTransferFunctionScriptingTraits (0ms)
			SetupTypeCache (266ms)
			ReleaseScriptCaches (1ms)
			RebuildScriptCaches (40ms)
			SetupLoadedEditorAssemblies (296ms)
				LogAssemblyErrors (0ms)
				InitializePlatformSupportModulesInManaged (4ms)
				SetLoadedEditorAssemblies (0ms)
				RefreshPlugins (1ms)
				BeforeProcessingInitializeOnLoad (72ms)
				ProcessInitializeOnLoadAttributes (198ms)
				ProcessInitializeOnLoadMethodAttributes (17ms)
				AfterProcessingInitializeOnLoad (3ms)
				EditorAssembliesLoaded (0ms)
			ExecutionOrderSort2 (0ms)
			AwakeInstancesAfterBackupRestoration (9ms)
Platform modules already initialized, skipping
Refreshing native plugins compatible for Editor in 0.68 ms, found 3 plugins.
Preloading 0 native plugins for Editor in 0.00 ms.
Unloading 2349 Unused Serialized files (Serialized files now loaded: 0)
System memory in use before: 103.1 MB.
System memory in use after: 103.1 MB.

Unloading 27 unused Assets to reduce memory usage. Loaded Objects now: 2798.
Total: 2.344300 ms (FindLiveObjects: 0.272500 ms CreateObjectMapping: 0.059800 ms MarkObjects: 1.901900 ms  DeleteObjects: 0.108900 ms)

AssetImportParameters requested are different than current active one (requested -> active):
  custom:framework-win-MediaFoundation: 216162199b28c13a410421893ffa2e32 -> 
  custom:video-decoder-ogg-theora: a1e56fd34408186e4bbccfd4996cb3dc -> 
  custom:container-muxer-webm: aa71ff27fc2769a1b78a27578f13a17b -> 
  custom:container-demuxer-webm: 4f35f7cbe854078d1ac9338744f61a02 -> 
  custom:container-demuxer-ogg: 62fdf1f143b41e24485cea50d1cbac27 -> 
  custom:video-encoder-webm-vp8: eb34c28f22e8b96e1ab97ce403110664 -> 
  custom:video-decoder-webm-vp8: 9c59270c3fd7afecdb556c50c9e8de78 -> 
  custom:audio-decoder-ogg-vorbis: bf7c407c2cedff20999df2af8eb42d56 -> 
  custom:audio-encoder-webm-vorbis: bf7c407c2cedff20999df2af8eb42d56 -> 
========================================================================
Received Import Request.
  Time since last request: 624.886366 seconds.
  path: Assets/Mirror/Runtime/Transport/Telepathy/Server.cs
  artifactKey: Guid(fb98a16841ccc4338a7e0b4e59136563) Importer(815301076,1909f56bfc062723c751e8b465ee728b)
Start importing Assets/Mirror/Runtime/Transport/Telepathy/Server.cs using Guid(fb98a16841ccc4338a7e0b4e59136563) Importer(815301076,1909f56bfc062723c751e8b465ee728b)  -> (artifact id: '963598cd61565932d905e7906a21a223') in 0.010236 seconds 
  Import took 0.014690 seconds .

========================================================================
Received Import Request.
  Time since last request: 0.000929 seconds.
  path: Assets/Mirror/Runtime/Transport/Telepathy/Server.cs
  artifactKey: Guid(fb98a16841ccc4338a7e0b4e59136563) Importer(815301076,1909f56bfc062723c751e8b465ee728b)
Start importing Assets/Mirror/Runtime/Transport/Telepathy/Server.cs using Guid(fb98a16841ccc4338a7e0b4e59136563) Importer(815301076,1909f56bfc062723c751e8b465ee728b)  -> (artifact id: '963598cd61565932d905e7906a21a223') in 0.001400 seconds 
  Import took 0.004620 seconds .

========================================================================
Received Prepare
Registering precompiled user dll's ...
Registered in 0.003930 seconds.
Begin MonoManager ReloadAssembly
Native extension for WindowsStandalone target not found
Refreshing native plugins compatible for Editor in 0.64 ms, found 3 plugins.
Preloading 0 native plugins for Editor in 0.00 ms.
Mono: successfully reloaded assembly
- Completed reload, in  0.925 seconds
Domain Reload Profiling:
	ReloadAssembly (926ms)
		BeginReloadAssembly (114ms)
			ExecutionOrderSort (0ms)
			DisableScriptedObjects (6ms)
			BackupInstance (0ms)
			ReleaseScriptingObjects (0ms)
			CreateAndSetChildDomain (35ms)
		EndReloadAssembly (753ms)
			LoadAssemblies (87ms)
			RebuildTransferFunctionScriptingTraits (0ms)
			SetupTypeCache (265ms)
			ReleaseScriptCaches (1ms)
			RebuildScriptCaches (40ms)
			SetupLoadedEditorAssemblies (263ms)
				LogAssemblyErrors (0ms)
				InitializePlatformSupportModulesInManaged (5ms)
				SetLoadedEditorAssemblies (0ms)
				RefreshPlugins (1ms)
				BeforeProcessingInitializeOnLoad (49ms)
				ProcessInitializeOnLoadAttributes (190ms)
				ProcessInitializeOnLoadMethodAttributes (16ms)
				AfterProcessingInitializeOnLoad (3ms)
				EditorAssembliesLoaded (0ms)
			ExecutionOrderSort2 (0ms)
			AwakeInstancesAfterBackupRestoration (9ms)
Platform modules already initialized, skipping
Refreshing native plugins compatible for Editor in 0.64 ms, found 3 plugins.
Preloading 0 native plugins for Editor in 0.00 ms.
Unloading 2349 Unused Serialized files (Serialized files now loaded: 0)
System memory in use before: 103.1 MB.
System memory in use after: 103.2 MB.

Unloading 27 unused Assets to reduce memory usage. Loaded Objects now: 2802.
Total: 2.314500 ms (FindLiveObjects: 0.278300 ms CreateObjectMapping: 0.067000 ms MarkObjects: 1.859200 ms  DeleteObjects: 0.108800 ms)

AssetImportParameters requested are different than current active one (requested -> active):
  custom:framework-win-MediaFoundation: 216162199b28c13a410421893ffa2e32 -> 
  custom:video-decoder-ogg-theora: a1e56fd34408186e4bbccfd4996cb3dc -> 
  custom:container-muxer-webm: aa71ff27fc2769a1b78a27578f13a17b -> 
  custom:container-demuxer-webm: 4f35f7cbe854078d1ac9338744f61a02 -> 
  custom:container-demuxer-ogg: 62fdf1f143b41e24485cea50d1cbac27 -> 
  custom:video-encoder-webm-vp8: eb34c28f22e8b96e1ab97ce403110664 -> 
  custom:video-decoder-webm-vp8: 9c59270c3fd7afecdb556c50c9e8de78 -> 
  custom:audio-decoder-ogg-vorbis: bf7c407c2cedff20999df2af8eb42d56 -> 
  custom:audio-encoder-webm-vorbis: bf7c407c2cedff20999df2af8eb42d56 -> 
========================================================================
Received Import Request.
  Time since last request: 60.732168 seconds.
  path: Assets/Mirror/Runtime/Transport/Telepathy/Server.cs
  artifactKey: Guid(fb98a16841ccc4338a7e0b4e59136563) Importer(815301076,1909f56bfc062723c751e8b465ee728b)
Start importing Assets/Mirror/Runtime/Transport/Telepathy/Server.cs using Guid(fb98a16841ccc4338a7e0b4e59136563) Importer(815301076,1909f56bfc062723c751e8b465ee728b)  -> (artifact id: '4937613cb799e1262c14987e71319b11') in 0.004849 seconds 
  Import took 0.008443 seconds .

========================================================================
Received Prepare
Registering precompiled user dll's ...
Registered in 0.004154 seconds.
Begin MonoManager ReloadAssembly
Native extension for WindowsStandalone target not found
Refreshing native plugins compatible for Editor in 1.02 ms, found 3 plugins.
Preloading 0 native plugins for Editor in 0.00 ms.
Mono: successfully reloaded assembly
- Completed reload, in  1.034 seconds
Domain Reload Profiling:
	ReloadAssembly (1035ms)
		BeginReloadAssembly (120ms)
			ExecutionOrderSort (0ms)
			DisableScriptedObjects (6ms)
			BackupInstance (0ms)
			ReleaseScriptingObjects (0ms)
			CreateAndSetChildDomain (38ms)
		EndReloadAssembly (855ms)
			LoadAssemblies (92ms)
			RebuildTransferFunctionScriptingTraits (0ms)
			SetupTypeCache (307ms)
			ReleaseScriptCaches (2ms)
			RebuildScriptCaches (47ms)
			SetupLoadedEditorAssemblies (302ms)
				LogAssemblyErrors (0ms)
				InitializePlatformSupportModulesInManaged (4ms)
				SetLoadedEditorAssemblies (1ms)
				RefreshPlugins (1ms)
				BeforeProcessingInitializeOnLoad (56ms)
				ProcessInitializeOnLoadAttributes (218ms)
				ProcessInitializeOnLoadMethodAttributes (19ms)
				AfterProcessingInitializeOnLoad (3ms)
				EditorAssembliesLoaded (0ms)
			ExecutionOrderSort2 (0ms)
			AwakeInstancesAfterBackupRestoration (12ms)
Platform modules already initialized, skipping
Refreshing native plugins compatible for Editor in 0.65 ms, found 3 plugins.
Preloading 0 native plugins for Editor in 0.00 ms.
Unloading 2349 Unused Serialized files (Serialized files now loaded: 0)
System memory in use before: 103.1 MB.
System memory in use after: 103.2 MB.

Unloading 27 unused Assets to reduce memory usage. Loaded Objects now: 2806.
Total: 2.898500 ms (FindLiveObjects: 0.307900 ms CreateObjectMapping: 0.061200 ms MarkObjects: 2.397800 ms  DeleteObjects: 0.130200 ms)

AssetImportParameters requested are different than current active one (requested -> active):
  custom:framework-win-MediaFoundation: 216162199b28c13a410421893ffa2e32 -> 
  custom:video-decoder-ogg-theora: a1e56fd34408186e4bbccfd4996cb3dc -> 
  custom:container-muxer-webm: aa71ff27fc2769a1b78a27578f13a17b -> 
  custom:container-demuxer-webm: 4f35f7cbe854078d1ac9338744f61a02 -> 
  custom:container-demuxer-ogg: 62fdf1f143b41e24485cea50d1cbac27 -> 
  custom:video-encoder-webm-vp8: eb34c28f22e8b96e1ab97ce403110664 -> 
  custom:video-decoder-webm-vp8: 9c59270c3fd7afecdb556c50c9e8de78 -> 
  custom:audio-decoder-ogg-vorbis: bf7c407c2cedff20999df2af8eb42d56 -> 
  custom:audio-encoder-webm-vorbis: bf7c407c2cedff20999df2af8eb42d56 -> 
========================================================================
Received Import Request.
  Time since last request: 160.433315 seconds.
  path: Assets/Mirror/Runtime/NetworkManager.cs
  artifactKey: Guid(8aab4c8111b7c411b9b92cf3dbc5bd4e) Importer(815301076,1909f56bfc062723c751e8b465ee728b)
Start importing Assets/Mirror/Runtime/NetworkManager.cs using Guid(8aab4c8111b7c411b9b92cf3dbc5bd4e) Importer(815301076,1909f56bfc062723c751e8b465ee728b)  -> (artifact id: '91fa14fea2711ebab876948a0243cb14') in 0.005097 seconds 
  Import took 0.009163 seconds .

========================================================================
Received Import Request.
  Time since last request: 0.001915 seconds.
  path: Assets/Mirror/Runtime/NetworkManager.cs
  artifactKey: Guid(8aab4c8111b7c411b9b92cf3dbc5bd4e) Importer(815301076,1909f56bfc062723c751e8b465ee728b)
Start importing Assets/Mirror/Runtime/NetworkManager.cs using Guid(8aab4c8111b7c411b9b92cf3dbc5bd4e) Importer(815301076,1909f56bfc062723c751e8b465ee728b)  -> (artifact id: '91fa14fea2711ebab876948a0243cb14') in 0.001613 seconds 
  Import took 0.005896 seconds .

========================================================================
Received Import Request.
  Time since last request: 6.050125 seconds.
  path: Assets/Mirror/Runtime/NetworkServer.cs
  artifactKey: Guid(a5f5ec068f5604c32b160bc49ee97b75) Importer(815301076,1909f56bfc062723c751e8b465ee728b)
Start importing Assets/Mirror/Runtime/NetworkServer.cs using Guid(a5f5ec068f5604c32b160bc49ee97b75) Importer(815301076,1909f56bfc062723c751e8b465ee728b)  -> (artifact id: '2e8a3e2580b643b3cb7deaa3bb185036') in 0.001458 seconds 
  Import took 0.005149 seconds .

========================================================================
Received Import Request.
  Time since last request: 296.765405 seconds.
  path: Assets/Mirror/Runtime/NetworkServer.cs
  artifactKey: Guid(a5f5ec068f5604c32b160bc49ee97b75) Importer(815301076,1909f56bfc062723c751e8b465ee728b)
Start importing Assets/Mirror/Runtime/NetworkServer.cs using Guid(a5f5ec068f5604c32b160bc49ee97b75) Importer(815301076,1909f56bfc062723c751e8b465ee728b)  -> (artifact id: 'fc660348a29a126c056f6be907e12f90') in 0.001677 seconds 
  Import took 0.005880 seconds .

========================================================================
Received Import Request.
  Time since last request: 0.019142 seconds.
  path: Assets/Mirror/Runtime/NetworkServer.cs
  artifactKey: Guid(a5f5ec068f5604c32b160bc49ee97b75) Importer(815301076,1909f56bfc062723c751e8b465ee728b)
Start importing Assets/Mirror/Runtime/NetworkServer.cs using Guid(a5f5ec068f5604c32b160bc49ee97b75) Importer(815301076,1909f56bfc062723c751e8b465ee728b)  -> (artifact id: 'fc660348a29a126c056f6be907e12f90') in 0.001763 seconds 
  Import took 0.006807 seconds .

========================================================================
Received Import Request.
  Time since last request: 14.878990 seconds.
  path: Assets/Mirror/Runtime/NetworkServer.cs
  artifactKey: Guid(a5f5ec068f5604c32b160bc49ee97b75) Importer(815301076,1909f56bfc062723c751e8b465ee728b)
Start importing Assets/Mirror/Runtime/NetworkServer.cs using Guid(a5f5ec068f5604c32b160bc49ee97b75) Importer(815301076,1909f56bfc062723c751e8b465ee728b)  -> (artifact id: 'fc49330f6286a230d1c3acf1051e7596') in 0.001846 seconds 
  Import took 0.006321 seconds .

========================================================================
Received Import Request.
  Time since last request: 53.007789 seconds.
  path: Assets/Mirror/Runtime/NetworkServer.cs
  artifactKey: Guid(a5f5ec068f5604c32b160bc49ee97b75) Importer(815301076,1909f56bfc062723c751e8b465ee728b)
Start importing Assets/Mirror/Runtime/NetworkServer.cs using Guid(a5f5ec068f5604c32b160bc49ee97b75) Importer(815301076,1909f56bfc062723c751e8b465ee728b)  -> (artifact id: '5c6599d89924408a662c737dbb27aea9') in 0.001912 seconds 
  Import took 0.007100 seconds .

========================================================================
Received Import Request.
  Time since last request: 228.258992 seconds.
  path: Assets/Mirror/Runtime/NetworkServer.cs
  artifactKey: Guid(a5f5ec068f5604c32b160bc49ee97b75) Importer(815301076,1909f56bfc062723c751e8b465ee728b)
Start importing Assets/Mirror/Runtime/NetworkServer.cs using Guid(a5f5ec068f5604c32b160bc49ee97b75) Importer(815301076,1909f56bfc062723c751e8b465ee728b)  -> (artifact id: '854d25cdc1fe418622c1d2faafc46862') in 0.002516 seconds 
  Import took 0.007284 seconds .

========================================================================
Received Import Request.
  Time since last request: 10.545707 seconds.
  path: Assets/Mirror/Runtime/NetworkServer.cs
  artifactKey: Guid(a5f5ec068f5604c32b160bc49ee97b75) Importer(815301076,1909f56bfc062723c751e8b465ee728b)
Start importing Assets/Mirror/Runtime/NetworkServer.cs using Guid(a5f5ec068f5604c32b160bc49ee97b75) Importer(815301076,1909f56bfc062723c751e8b465ee728b)  -> (artifact id: 'edf2d4e50f42e8f45377777745c5b2ba') in 0.001706 seconds 
  Import took 0.005923 seconds .

========================================================================
Received Import Request.
  Time since last request: 240.442964 seconds.
  path: Assets/Mirror/Runtime/NetworkServer.cs
  artifactKey: Guid(a5f5ec068f5604c32b160bc49ee97b75) Importer(815301076,1909f56bfc062723c751e8b465ee728b)
Start importing Assets/Mirror/Runtime/NetworkServer.cs using Guid(a5f5ec068f5604c32b160bc49ee97b75) Importer(815301076,1909f56bfc062723c751e8b465ee728b)  -> (artifact id: '349876c8ece94a10a5282f0fc38f57de') in 0.001795 seconds 
  Import took 0.006258 seconds .

========================================================================
Received Import Request.
  Time since last request: 35.327352 seconds.
  path: Assets/Mirror/Runtime/NetworkServer.cs
  artifactKey: Guid(a5f5ec068f5604c32b160bc49ee97b75) Importer(815301076,1909f56bfc062723c751e8b465ee728b)
Start importing Assets/Mirror/Runtime/NetworkServer.cs using Guid(a5f5ec068f5604c32b160bc49ee97b75) Importer(815301076,1909f56bfc062723c751e8b465ee728b)  -> (artifact id: '7d91703e3c444cc17dc4f41e90c9278d') in 0.001827 seconds 
  Import took 0.006539 seconds .

========================================================================
Received Import Request.
  Time since last request: 24.994658 seconds.
  path: Assets/Mirror/Runtime/NetworkServer.cs
  artifactKey: Guid(a5f5ec068f5604c32b160bc49ee97b75) Importer(815301076,1909f56bfc062723c751e8b465ee728b)
Start importing Assets/Mirror/Runtime/NetworkServer.cs using Guid(a5f5ec068f5604c32b160bc49ee97b75) Importer(815301076,1909f56bfc062723c751e8b465ee728b)  -> (artifact id: '01e1aecdfd472bcae87a5757b28c6756') in 0.001615 seconds 
  Import took 0.005412 seconds .

========================================================================
Received Import Request.
  Time since last request: 33.548784 seconds.
  path: Assets/Mirror/Runtime/NetworkServer.cs
  artifactKey: Guid(a5f5ec068f5604c32b160bc49ee97b75) Importer(815301076,1909f56bfc062723c751e8b465ee728b)
Start importing Assets/Mirror/Runtime/NetworkServer.cs using Guid(a5f5ec068f5604c32b160bc49ee97b75) Importer(815301076,1909f56bfc062723c751e8b465ee728b)  -> (artifact id: '03f9cdac10d6a872ce102bddbe566d82') in 0.001586 seconds 
  Import took 0.005615 seconds .

========================================================================
Received Import Request.
  Time since last request: 95.526948 seconds.
  path: Assets/Mirror/Runtime/NetworkServer.cs
  artifactKey: Guid(a5f5ec068f5604c32b160bc49ee97b75) Importer(815301076,1909f56bfc062723c751e8b465ee728b)
Start importing Assets/Mirror/Runtime/NetworkServer.cs using Guid(a5f5ec068f5604c32b160bc49ee97b75) Importer(815301076,1909f56bfc062723c751e8b465ee728b)  -> (artifact id: '7592553c647d201801e0b8070895f484') in 0.001649 seconds 
  Import took 0.005478 seconds .

========================================================================
Received Import Request.
  Time since last request: 35.435193 seconds.
  path: Assets/Mirror/Runtime/NetworkServer.cs
  artifactKey: Guid(a5f5ec068f5604c32b160bc49ee97b75) Importer(815301076,1909f56bfc062723c751e8b465ee728b)
Start importing Assets/Mirror/Runtime/NetworkServer.cs using Guid(a5f5ec068f5604c32b160bc49ee97b75) Importer(815301076,1909f56bfc062723c751e8b465ee728b)  -> (artifact id: '67b653bc7f203399723386c7b801d46a') in 0.002979 seconds 
  Import took 0.008103 seconds .

========================================================================
Received Import Request.
  Time since last request: 8.990603 seconds.
  path: Assets/Mirror/Runtime/NetworkServer.cs
  artifactKey: Guid(a5f5ec068f5604c32b160bc49ee97b75) Importer(815301076,1909f56bfc062723c751e8b465ee728b)
Start importing Assets/Mirror/Runtime/NetworkServer.cs using Guid(a5f5ec068f5604c32b160bc49ee97b75) Importer(815301076,1909f56bfc062723c751e8b465ee728b)  -> (artifact id: '9f33ec050fa1fd3712fc22d8809745dc') in 0.003710 seconds 
  Import took 0.008976 seconds .

========================================================================
Received Import Request.
  Time since last request: 25.345696 seconds.
  path: Assets/Mirror/Runtime/NetworkServer.cs
  artifactKey: Guid(a5f5ec068f5604c32b160bc49ee97b75) Importer(815301076,1909f56bfc062723c751e8b465ee728b)
Start importing Assets/Mirror/Runtime/NetworkServer.cs using Guid(a5f5ec068f5604c32b160bc49ee97b75) Importer(815301076,1909f56bfc062723c751e8b465ee728b)  -> (artifact id: '08ae4a23d219edab091a1c976bf2b346') in 0.001725 seconds 
  Import took 0.006060 seconds .

========================================================================
Received Import Request.
  Time since last request: 23.688561 seconds.
  path: Assets/Mirror/Runtime/NetworkServer.cs
  artifactKey: Guid(a5f5ec068f5604c32b160bc49ee97b75) Importer(815301076,1909f56bfc062723c751e8b465ee728b)
Start importing Assets/Mirror/Runtime/NetworkServer.cs using Guid(a5f5ec068f5604c32b160bc49ee97b75) Importer(815301076,1909f56bfc062723c751e8b465ee728b)  -> (artifact id: 'ae1912ccb567e8d69e4087863954eb91') in 0.001743 seconds 
  Import took 0.006609 seconds .

========================================================================
Received Import Request.
  Time since last request: 39.229473 seconds.
  path: Assets/Mirror/Runtime/NetworkServer.cs
  artifactKey: Guid(a5f5ec068f5604c32b160bc49ee97b75) Importer(815301076,1909f56bfc062723c751e8b465ee728b)
Start importing Assets/Mirror/Runtime/NetworkServer.cs using Guid(a5f5ec068f5604c32b160bc49ee97b75) Importer(815301076,1909f56bfc062723c751e8b465ee728b)  -> (artifact id: '2df5aae957c0bdac9b7c974877d3700e') in 0.002029 seconds 
  Import took 0.006081 seconds .

========================================================================
Received Import Request.
  Time since last request: 221.686723 seconds.
  path: Assets/Mirror/Runtime/Transport/Telepathy/Client.cs
  artifactKey: Guid(a5b95294cc4ec4b15aacba57531c7985) Importer(815301076,1909f56bfc062723c751e8b465ee728b)
Start importing Assets/Mirror/Runtime/Transport/Telepathy/Client.cs using Guid(a5b95294cc4ec4b15aacba57531c7985) Importer(815301076,1909f56bfc062723c751e8b465ee728b)  -> (artifact id: '8e4c5048df193d0e2e26cb4a1cb27460') in 0.001444 seconds 
  Import took 0.005327 seconds .

========================================================================
Received Import Request.
  Time since last request: 0.001637 seconds.
  path: Assets/Mirror/Runtime/Transport/Telepathy/Client.cs
  artifactKey: Guid(a5b95294cc4ec4b15aacba57531c7985) Importer(815301076,1909f56bfc062723c751e8b465ee728b)
Start importing Assets/Mirror/Runtime/Transport/Telepathy/Client.cs using Guid(a5b95294cc4ec4b15aacba57531c7985) Importer(815301076,1909f56bfc062723c751e8b465ee728b)  -> (artifact id: '8e4c5048df193d0e2e26cb4a1cb27460') in 0.002103 seconds 
  Import took 0.006617 seconds .

========================================================================
Received Import Request.
  Time since last request: 22.357589 seconds.
  path: Assets/Mirror/Runtime/Transport/Telepathy/Client.cs
  artifactKey: Guid(a5b95294cc4ec4b15aacba57531c7985) Importer(815301076,1909f56bfc062723c751e8b465ee728b)
Start importing Assets/Mirror/Runtime/Transport/Telepathy/Client.cs using Guid(a5b95294cc4ec4b15aacba57531c7985) Importer(815301076,1909f56bfc062723c751e8b465ee728b)  -> (artifact id: 'c98803f3952214b28fa1dc8d4cce8ce7') in 0.001683 seconds 
  Import took 0.007547 seconds .

========================================================================
Received Import Request.
  Time since last request: 70.405818 seconds.
  path: Assets/Mirror/Runtime/Transport/Telepathy/Client.cs
  artifactKey: Guid(a5b95294cc4ec4b15aacba57531c7985) Importer(815301076,1909f56bfc062723c751e8b465ee728b)
Start importing Assets/Mirror/Runtime/Transport/Telepathy/Client.cs using Guid(a5b95294cc4ec4b15aacba57531c7985) Importer(815301076,1909f56bfc062723c751e8b465ee728b)  -> (artifact id: '42eb348249c12e4784daff2f97a586ae') in 0.001608 seconds 
  Import took 0.005638 seconds .

========================================================================
Received Import Request.
  Time since last request: 151.553230 seconds.
  path: Assets/Mirror/Runtime/Transport/Telepathy/Client.cs
  artifactKey: Guid(a5b95294cc4ec4b15aacba57531c7985) Importer(815301076,1909f56bfc062723c751e8b465ee728b)
Start importing Assets/Mirror/Runtime/Transport/Telepathy/Client.cs using Guid(a5b95294cc4ec4b15aacba57531c7985) Importer(815301076,1909f56bfc062723c751e8b465ee728b)  -> (artifact id: 'b8d137b8b0dc2a09fc40a09cab19e22c') in 0.137617 seconds 
  Import took 0.141477 seconds .

========================================================================
Received Import Request.
  Time since last request: 37.975118 seconds.
  path: Assets/Mirror/Runtime/Transport/Telepathy/Client.cs
  artifactKey: Guid(a5b95294cc4ec4b15aacba57531c7985) Importer(815301076,1909f56bfc062723c751e8b465ee728b)
Start importing Assets/Mirror/Runtime/Transport/Telepathy/Client.cs using Guid(a5b95294cc4ec4b15aacba57531c7985) Importer(815301076,1909f56bfc062723c751e8b465ee728b)  -> (artifact id: '88a549562d4342578ec81c9e5aba5b96') in 0.001564 seconds 
  Import took 0.005553 seconds .

========================================================================
Received Import Request.
  Time since last request: 221.606311 seconds.
  path: Assets/Mirror/Runtime/Transport/Telepathy/Client.cs
  artifactKey: Guid(a5b95294cc4ec4b15aacba57531c7985) Importer(815301076,1909f56bfc062723c751e8b465ee728b)
Start importing Assets/Mirror/Runtime/Transport/Telepathy/Client.cs using Guid(a5b95294cc4ec4b15aacba57531c7985) Importer(815301076,1909f56bfc062723c751e8b465ee728b)  -> (artifact id: '630825c217e083d6ae7f530d3535377a') in 0.002558 seconds 
  Import took 0.007222 seconds .

========================================================================
Received Import Request.
  Time since last request: 52.201819 seconds.
  path: Assets/Mirror/Runtime/Transport/Telepathy/Client.cs
  artifactKey: Guid(a5b95294cc4ec4b15aacba57531c7985) Importer(815301076,1909f56bfc062723c751e8b465ee728b)
Start importing Assets/Mirror/Runtime/Transport/Telepathy/Client.cs using Guid(a5b95294cc4ec4b15aacba57531c7985) Importer(815301076,1909f56bfc062723c751e8b465ee728b)  -> (artifact id: '06d39c6d3fa73a90dc346adc74d4a6cd') in 0.001750 seconds 
  Import took 0.006018 seconds .

========================================================================
Received Import Request.
  Time since last request: 203.515879 seconds.
  path: Assets/Mirror/Runtime/Transport/Telepathy/Client.cs
  artifactKey: Guid(a5b95294cc4ec4b15aacba57531c7985) Importer(815301076,1909f56bfc062723c751e8b465ee728b)
Start importing Assets/Mirror/Runtime/Transport/Telepathy/Client.cs using Guid(a5b95294cc4ec4b15aacba57531c7985) Importer(815301076,1909f56bfc062723c751e8b465ee728b)  -> (artifact id: '0ee2e88f018b40623e5a1cbfe7af2aab') in 0.001684 seconds 
  Import took 0.007072 seconds .

========================================================================
Received Import Request.
  Time since last request: 111.067142 seconds.
  path: Assets/Mirror/Runtime/Transport/Telepathy/Client.cs
  artifactKey: Guid(a5b95294cc4ec4b15aacba57531c7985) Importer(815301076,1909f56bfc062723c751e8b465ee728b)
Start importing Assets/Mirror/Runtime/Transport/Telepathy/Client.cs using Guid(a5b95294cc4ec4b15aacba57531c7985) Importer(815301076,1909f56bfc062723c751e8b465ee728b)  -> (artifact id: '8a6292892674c8504ddb83b5374dea96') in 0.001745 seconds 
  Import took 0.005918 seconds .

========================================================================
Received Import Request.
  Time since last request: 9.493841 seconds.
  path: Assets/Mirror/Runtime/Transport/Telepathy/Client.cs
  artifactKey: Guid(a5b95294cc4ec4b15aacba57531c7985) Importer(815301076,1909f56bfc062723c751e8b465ee728b)
Start importing Assets/Mirror/Runtime/Transport/Telepathy/Client.cs using Guid(a5b95294cc4ec4b15aacba57531c7985) Importer(815301076,1909f56bfc062723c751e8b465ee728b)  -> (artifact id: '5e6ebd3b9310083d9cf4dddc815aae46') in 0.001638 seconds 
  Import took 0.005457 seconds .

========================================================================
Received Import Request.
  Time since last request: 302.998005 seconds.
  path: Assets/Mirror/Runtime/Transport/Telepathy/Client.cs
  artifactKey: Guid(a5b95294cc4ec4b15aacba57531c7985) Importer(815301076,1909f56bfc062723c751e8b465ee728b)
Start importing Assets/Mirror/Runtime/Transport/Telepathy/Client.cs using Guid(a5b95294cc4ec4b15aacba57531c7985) Importer(815301076,1909f56bfc062723c751e8b465ee728b)  -> (artifact id: 'df62663402065b5d15df590aaf4c1fb6') in 0.001821 seconds 
  Import took 0.006711 seconds .

========================================================================
Received Prepare
Registering precompiled user dll's ...
Registered in 0.004554 seconds.
Begin MonoManager ReloadAssembly
Native extension for WindowsStandalone target not found
Refreshing native plugins compatible for Editor in 2.67 ms, found 3 plugins.
Preloading 0 native plugins for Editor in 0.00 ms.
Mono: successfully reloaded assembly
- Completed reload, in  1.003 seconds
Domain Reload Profiling:
	ReloadAssembly (1003ms)
		BeginReloadAssembly (132ms)
			ExecutionOrderSort (0ms)
			DisableScriptedObjects (7ms)
			BackupInstance (0ms)
			ReleaseScriptingObjects (0ms)
			CreateAndSetChildDomain (50ms)
		EndReloadAssembly (811ms)
			LoadAssemblies (88ms)
			RebuildTransferFunctionScriptingTraits (0ms)
			SetupTypeCache (280ms)
			ReleaseScriptCaches (1ms)
			RebuildScriptCaches (41ms)
			SetupLoadedEditorAssemblies (313ms)
				LogAssemblyErrors (0ms)
				InitializePlatformSupportModulesInManaged (9ms)
				SetLoadedEditorAssemblies (3ms)
				RefreshPlugins (3ms)
				BeforeProcessingInitializeOnLoad (68ms)
				ProcessInitializeOnLoadAttributes (209ms)
				ProcessInitializeOnLoadMethodAttributes (18ms)
				AfterProcessingInitializeOnLoad (4ms)
				EditorAssembliesLoaded (0ms)
			ExecutionOrderSort2 (0ms)
			AwakeInstancesAfterBackupRestoration (9ms)
Platform modules already initialized, skipping
Refreshing native plugins compatible for Editor in 0.62 ms, found 3 plugins.
Preloading 0 native plugins for Editor in 0.00 ms.
Unloading 2349 Unused Serialized files (Serialized files now loaded: 0)
System memory in use before: 103.0 MB.
System memory in use after: 103.1 MB.

Unloading 27 unused Assets to reduce memory usage. Loaded Objects now: 2810.
Total: 3.115600 ms (FindLiveObjects: 0.257200 ms CreateObjectMapping: 0.060000 ms MarkObjects: 2.609500 ms  DeleteObjects: 0.187000 ms)

AssetImportParameters requested are different than current active one (requested -> active):
  custom:framework-win-MediaFoundation: 216162199b28c13a410421893ffa2e32 -> 
  custom:video-decoder-ogg-theora: a1e56fd34408186e4bbccfd4996cb3dc -> 
  custom:container-muxer-webm: aa71ff27fc2769a1b78a27578f13a17b -> 
  custom:container-demuxer-webm: 4f35f7cbe854078d1ac9338744f61a02 -> 
  custom:container-demuxer-ogg: 62fdf1f143b41e24485cea50d1cbac27 -> 
  custom:video-encoder-webm-vp8: eb34c28f22e8b96e1ab97ce403110664 -> 
  custom:video-decoder-webm-vp8: 9c59270c3fd7afecdb556c50c9e8de78 -> 
  custom:audio-decoder-ogg-vorbis: bf7c407c2cedff20999df2af8eb42d56 -> 
  custom:audio-encoder-webm-vorbis: bf7c407c2cedff20999df2af8eb42d56 -> 
========================================================================
Received Prepare
Registering precompiled user dll's ...
Registered in 0.003562 seconds.
Begin MonoManager ReloadAssembly
Native extension for WindowsStandalone target not found
Refreshing native plugins compatible for Editor in 0.63 ms, found 3 plugins.
Preloading 0 native plugins for Editor in 0.00 ms.
Mono: successfully reloaded assembly
- Completed reload, in  0.897 seconds
Domain Reload Profiling:
	ReloadAssembly (898ms)
		BeginReloadAssembly (102ms)
			ExecutionOrderSort (0ms)
			DisableScriptedObjects (6ms)
			BackupInstance (0ms)
			ReleaseScriptingObjects (0ms)
			CreateAndSetChildDomain (34ms)
		EndReloadAssembly (737ms)
			LoadAssemblies (85ms)
			RebuildTransferFunctionScriptingTraits (0ms)
			SetupTypeCache (265ms)
			ReleaseScriptCaches (1ms)
			RebuildScriptCaches (40ms)
			SetupLoadedEditorAssemblies (261ms)
				LogAssemblyErrors (0ms)
				InitializePlatformSupportModulesInManaged (4ms)
				SetLoadedEditorAssemblies (0ms)
				RefreshPlugins (1ms)
				BeforeProcessingInitializeOnLoad (49ms)
				ProcessInitializeOnLoadAttributes (187ms)
				ProcessInitializeOnLoadMethodAttributes (17ms)
				AfterProcessingInitializeOnLoad (3ms)
				EditorAssembliesLoaded (0ms)
			ExecutionOrderSort2 (0ms)
			AwakeInstancesAfterBackupRestoration (9ms)
Platform modules already initialized, skipping
Refreshing native plugins compatible for Editor in 0.65 ms, found 3 plugins.
Preloading 0 native plugins for Editor in 0.00 ms.
Unloading 2349 Unused Serialized files (Serialized files now loaded: 0)
System memory in use before: 103.1 MB.
System memory in use after: 103.2 MB.

Unloading 27 unused Assets to reduce memory usage. Loaded Objects now: 2814.
Total: 2.397200 ms (FindLiveObjects: 0.353900 ms CreateObjectMapping: 0.061000 ms MarkObjects: 1.860500 ms  DeleteObjects: 0.120500 ms)

AssetImportParameters requested are different than current active one (requested -> active):
  custom:framework-win-MediaFoundation: 216162199b28c13a410421893ffa2e32 -> 
  custom:video-decoder-ogg-theora: a1e56fd34408186e4bbccfd4996cb3dc -> 
  custom:container-muxer-webm: aa71ff27fc2769a1b78a27578f13a17b -> 
  custom:container-demuxer-webm: 4f35f7cbe854078d1ac9338744f61a02 -> 
  custom:container-demuxer-ogg: 62fdf1f143b41e24485cea50d1cbac27 -> 
  custom:video-encoder-webm-vp8: eb34c28f22e8b96e1ab97ce403110664 -> 
  custom:video-decoder-webm-vp8: 9c59270c3fd7afecdb556c50c9e8de78 -> 
  custom:audio-decoder-ogg-vorbis: bf7c407c2cedff20999df2af8eb42d56 -> 
  custom:audio-encoder-webm-vorbis: bf7c407c2cedff20999df2af8eb42d56 -> 
========================================================================
Received Prepare
Registering precompiled user dll's ...
Registered in 0.004820 seconds.
Begin MonoManager ReloadAssembly
Native extension for WindowsStandalone target not found
Refreshing native plugins compatible for Editor in 0.70 ms, found 3 plugins.
Preloading 0 native plugins for Editor in 0.00 ms.
Mono: successfully reloaded assembly
- Completed reload, in  1.055 seconds
Domain Reload Profiling:
	ReloadAssembly (1056ms)
		BeginReloadAssembly (121ms)
			ExecutionOrderSort (0ms)
			DisableScriptedObjects (7ms)
			BackupInstance (0ms)
			ReleaseScriptingObjects (0ms)
			CreateAndSetChildDomain (36ms)
		EndReloadAssembly (872ms)
			LoadAssemblies (97ms)
			RebuildTransferFunctionScriptingTraits (0ms)
			SetupTypeCache (306ms)
			ReleaseScriptCaches (1ms)
			RebuildScriptCaches (50ms)
			SetupLoadedEditorAssemblies (310ms)
				LogAssemblyErrors (0ms)
				InitializePlatformSupportModulesInManaged (6ms)
				SetLoadedEditorAssemblies (0ms)
				RefreshPlugins (1ms)
				BeforeProcessingInitializeOnLoad (58ms)
				ProcessInitializeOnLoadAttributes (223ms)
				ProcessInitializeOnLoadMethodAttributes (18ms)
				AfterProcessingInitializeOnLoad (3ms)
				EditorAssembliesLoaded (0ms)
			ExecutionOrderSort2 (0ms)
			AwakeInstancesAfterBackupRestoration (12ms)
Platform modules already initialized, skipping
Refreshing native plugins compatible for Editor in 0.72 ms, found 3 plugins.
Preloading 0 native plugins for Editor in 0.00 ms.
Unloading 2349 Unused Serialized files (Serialized files now loaded: 0)
System memory in use before: 103.1 MB.
System memory in use after: 103.2 MB.

Unloading 27 unused Assets to reduce memory usage. Loaded Objects now: 2818.
Total: 2.836500 ms (FindLiveObjects: 0.315000 ms CreateObjectMapping: 0.061500 ms MarkObjects: 2.333700 ms  DeleteObjects: 0.125100 ms)

AssetImportParameters requested are different than current active one (requested -> active):
  custom:framework-win-MediaFoundation: 216162199b28c13a410421893ffa2e32 -> 
  custom:video-decoder-ogg-theora: a1e56fd34408186e4bbccfd4996cb3dc -> 
  custom:container-muxer-webm: aa71ff27fc2769a1b78a27578f13a17b -> 
  custom:container-demuxer-webm: 4f35f7cbe854078d1ac9338744f61a02 -> 
  custom:container-demuxer-ogg: 62fdf1f143b41e24485cea50d1cbac27 -> 
  custom:video-encoder-webm-vp8: eb34c28f22e8b96e1ab97ce403110664 -> 
  custom:video-decoder-webm-vp8: 9c59270c3fd7afecdb556c50c9e8de78 -> 
  custom:audio-decoder-ogg-vorbis: bf7c407c2cedff20999df2af8eb42d56 -> 
  custom:audio-encoder-webm-vorbis: bf7c407c2cedff20999df2af8eb42d56 -> 
========================================================================
Received Prepare
Registering precompiled user dll's ...
Registered in 0.003871 seconds.
Begin MonoManager ReloadAssembly
Native extension for WindowsStandalone target not found
Refreshing native plugins compatible for Editor in 0.64 ms, found 3 plugins.
Preloading 0 native plugins for Editor in 0.00 ms.
Mono: successfully reloaded assembly
- Completed reload, in  0.916 seconds
Domain Reload Profiling:
	ReloadAssembly (916ms)
		BeginReloadAssembly (100ms)
			ExecutionOrderSort (0ms)
			DisableScriptedObjects (6ms)
			BackupInstance (0ms)
			ReleaseScriptingObjects (0ms)
			CreateAndSetChildDomain (33ms)
		EndReloadAssembly (755ms)
			LoadAssemblies (85ms)
			RebuildTransferFunctionScriptingTraits (0ms)
			SetupTypeCache (274ms)
			ReleaseScriptCaches (1ms)
			RebuildScriptCaches (41ms)
			SetupLoadedEditorAssemblies (267ms)
				LogAssemblyErrors (0ms)
				InitializePlatformSupportModulesInManaged (4ms)
				SetLoadedEditorAssemblies (0ms)
				RefreshPlugins (1ms)
				BeforeProcessingInitializeOnLoad (49ms)
				ProcessInitializeOnLoadAttributes (192ms)
				ProcessInitializeOnLoadMethodAttributes (17ms)
				AfterProcessingInitializeOnLoad (3ms)
				EditorAssembliesLoaded (0ms)
			ExecutionOrderSort2 (0ms)
			AwakeInstancesAfterBackupRestoration (9ms)
Platform modules already initialized, skipping
Refreshing native plugins compatible for Editor in 0.62 ms, found 3 plugins.
Preloading 0 native plugins for Editor in 0.00 ms.
Unloading 2349 Unused Serialized files (Serialized files now loaded: 0)
System memory in use before: 103.2 MB.
System memory in use after: 103.2 MB.

Unloading 27 unused Assets to reduce memory usage. Loaded Objects now: 2822.
Total: 2.406100 ms (FindLiveObjects: 0.280400 ms CreateObjectMapping: 0.058700 ms MarkObjects: 1.952900 ms  DeleteObjects: 0.113100 ms)

AssetImportParameters requested are different than current active one (requested -> active):
  custom:framework-win-MediaFoundation: 216162199b28c13a410421893ffa2e32 -> 
  custom:video-decoder-ogg-theora: a1e56fd34408186e4bbccfd4996cb3dc -> 
  custom:container-muxer-webm: aa71ff27fc2769a1b78a27578f13a17b -> 
  custom:container-demuxer-webm: 4f35f7cbe854078d1ac9338744f61a02 -> 
  custom:container-demuxer-ogg: 62fdf1f143b41e24485cea50d1cbac27 -> 
  custom:video-encoder-webm-vp8: eb34c28f22e8b96e1ab97ce403110664 -> 
  custom:video-decoder-webm-vp8: 9c59270c3fd7afecdb556c50c9e8de78 -> 
  custom:audio-decoder-ogg-vorbis: bf7c407c2cedff20999df2af8eb42d56 -> 
  custom:audio-encoder-webm-vorbis: bf7c407c2cedff20999df2af8eb42d56 -> 
========================================================================
Received Prepare
Registering precompiled user dll's ...
Registered in 0.004043 seconds.
Begin MonoManager ReloadAssembly
Native extension for WindowsStandalone target not found
Refreshing native plugins compatible for Editor in 0.64 ms, found 3 plugins.
Preloading 0 native plugins for Editor in 0.00 ms.
Mono: successfully reloaded assembly
- Completed reload, in  0.982 seconds
Domain Reload Profiling:
	ReloadAssembly (983ms)
		BeginReloadAssembly (124ms)
			ExecutionOrderSort (0ms)
			DisableScriptedObjects (7ms)
			BackupInstance (0ms)
			ReleaseScriptingObjects (0ms)
			CreateAndSetChildDomain (36ms)
		EndReloadAssembly (798ms)
			LoadAssemblies (95ms)
			RebuildTransferFunctionScriptingTraits (0ms)
			SetupTypeCache (306ms)
			ReleaseScriptCaches (1ms)
			RebuildScriptCaches (44ms)
			SetupLoadedEditorAssemblies (266ms)
				LogAssemblyErrors (0ms)
				InitializePlatformSupportModulesInManaged (4ms)
				SetLoadedEditorAssemblies (0ms)
				RefreshPlugins (1ms)
				BeforeProcessingInitializeOnLoad (49ms)
				ProcessInitializeOnLoadAttributes (193ms)
				ProcessInitializeOnLoadMethodAttributes (16ms)
				AfterProcessingInitializeOnLoad (3ms)
				EditorAssembliesLoaded (0ms)
			ExecutionOrderSort2 (0ms)
			AwakeInstancesAfterBackupRestoration (9ms)
Platform modules already initialized, skipping
Refreshing native plugins compatible for Editor in 0.63 ms, found 3 plugins.
Preloading 0 native plugins for Editor in 0.00 ms.
Unloading 2349 Unused Serialized files (Serialized files now loaded: 0)
System memory in use before: 103.2 MB.
System memory in use after: 103.2 MB.

Unloading 27 unused Assets to reduce memory usage. Loaded Objects now: 2826.
Total: 2.305500 ms (FindLiveObjects: 0.297900 ms CreateObjectMapping: 0.058600 ms MarkObjects: 1.833100 ms  DeleteObjects: 0.114700 ms)

AssetImportParameters requested are different than current active one (requested -> active):
  custom:framework-win-MediaFoundation: 216162199b28c13a410421893ffa2e32 -> 
  custom:video-decoder-ogg-theora: a1e56fd34408186e4bbccfd4996cb3dc -> 
  custom:container-muxer-webm: aa71ff27fc2769a1b78a27578f13a17b -> 
  custom:container-demuxer-webm: 4f35f7cbe854078d1ac9338744f61a02 -> 
  custom:container-demuxer-ogg: 62fdf1f143b41e24485cea50d1cbac27 -> 
  custom:video-encoder-webm-vp8: eb34c28f22e8b96e1ab97ce403110664 -> 
  custom:video-decoder-webm-vp8: 9c59270c3fd7afecdb556c50c9e8de78 -> 
  custom:audio-decoder-ogg-vorbis: bf7c407c2cedff20999df2af8eb42d56 -> 
  custom:audio-encoder-webm-vorbis: bf7c407c2cedff20999df2af8eb42d56 -> 
========================================================================
Received Prepare
Refreshing native plugins compatible for Editor in 3.86 ms, found 3 plugins.
Preloading 0 native plugins for Editor in 0.00 ms.
Unloading 25 Unused Serialized files (Serialized files now loaded: 0)
System memory in use before: 55.5 MB.
System memory in use after: 55.6 MB.

Unloading 25 unused Assets to reduce memory usage. Loaded Objects now: 2826.
Total: 2.380700 ms (FindLiveObjects: 0.286000 ms CreateObjectMapping: 0.058100 ms MarkObjects: 1.905400 ms  DeleteObjects: 0.130300 ms)

AssetImportParameters requested are different than current active one (requested -> active):
  custom:framework-win-MediaFoundation: 216162199b28c13a410421893ffa2e32 -> 
  custom:video-decoder-ogg-theora: a1e56fd34408186e4bbccfd4996cb3dc -> 
  custom:container-muxer-webm: aa71ff27fc2769a1b78a27578f13a17b -> 
  custom:container-demuxer-webm: 4f35f7cbe854078d1ac9338744f61a02 -> 
  custom:container-demuxer-ogg: 62fdf1f143b41e24485cea50d1cbac27 -> 
  custom:video-encoder-webm-vp8: eb34c28f22e8b96e1ab97ce403110664 -> 
  custom:video-decoder-webm-vp8: 9c59270c3fd7afecdb556c50c9e8de78 -> 
  custom:audio-decoder-ogg-vorbis: bf7c407c2cedff20999df2af8eb42d56 -> 
  custom:audio-encoder-webm-vorbis: bf7c407c2cedff20999df2af8eb42d56 -> 
========================================================================
Received Prepare
Registering precompiled user dll's ...
Registered in 0.004065 seconds.
Begin MonoManager ReloadAssembly
Native extension for WindowsStandalone target not found
Refreshing native plugins compatible for Editor in 0.70 ms, found 3 plugins.
Preloading 0 native plugins for Editor in 0.00 ms.
Mono: successfully reloaded assembly
- Completed reload, in  1.029 seconds
Domain Reload Profiling:
	ReloadAssembly (1029ms)
		BeginReloadAssembly (121ms)
			ExecutionOrderSort (0ms)
			DisableScriptedObjects (6ms)
			BackupInstance (0ms)
			ReleaseScriptingObjects (0ms)
			CreateAndSetChildDomain (36ms)
		EndReloadAssembly (849ms)
			LoadAssemblies (94ms)
			RebuildTransferFunctionScriptingTraits (0ms)
			SetupTypeCache (300ms)
			ReleaseScriptCaches (1ms)
			RebuildScriptCaches (48ms)
			SetupLoadedEditorAssemblies (302ms)
				LogAssemblyErrors (0ms)
				InitializePlatformSupportModulesInManaged (5ms)
				SetLoadedEditorAssemblies (0ms)
				RefreshPlugins (1ms)
				BeforeProcessingInitializeOnLoad (56ms)
				ProcessInitializeOnLoadAttributes (217ms)
				ProcessInitializeOnLoadMethodAttributes (19ms)
				AfterProcessingInitializeOnLoad (3ms)
				EditorAssembliesLoaded (0ms)
			ExecutionOrderSort2 (0ms)
			AwakeInstancesAfterBackupRestoration (11ms)
Platform modules already initialized, skipping
Refreshing native plugins compatible for Editor in 0.66 ms, found 3 plugins.
Preloading 0 native plugins for Editor in 0.00 ms.
Unloading 2349 Unused Serialized files (Serialized files now loaded: 0)
System memory in use before: 103.1 MB.
System memory in use after: 103.2 MB.

Unloading 27 unused Assets to reduce memory usage. Loaded Objects now: 2830.
Total: 2.999200 ms (FindLiveObjects: 0.308900 ms CreateObjectMapping: 0.064300 ms MarkObjects: 2.401000 ms  DeleteObjects: 0.223100 ms)

AssetImportParameters requested are different than current active one (requested -> active):
  custom:framework-win-MediaFoundation: 216162199b28c13a410421893ffa2e32 -> 
  custom:video-decoder-ogg-theora: a1e56fd34408186e4bbccfd4996cb3dc -> 
  custom:container-muxer-webm: aa71ff27fc2769a1b78a27578f13a17b -> 
  custom:container-demuxer-webm: 4f35f7cbe854078d1ac9338744f61a02 -> 
  custom:container-demuxer-ogg: 62fdf1f143b41e24485cea50d1cbac27 -> 
  custom:video-encoder-webm-vp8: eb34c28f22e8b96e1ab97ce403110664 -> 
  custom:video-decoder-webm-vp8: 9c59270c3fd7afecdb556c50c9e8de78 -> 
  custom:audio-decoder-ogg-vorbis: bf7c407c2cedff20999df2af8eb42d56 -> 
  custom:audio-encoder-webm-vorbis: bf7c407c2cedff20999df2af8eb42d56 -> 
AssetImportWorkerClient::OnTransportError - code=2 error=End of file
